21:58:28 [INFO] storage.db: Database initialized at C:\Users\asus\Documents\Web_Development\NewsScraper_CrimeAlert\data\crime_news.db
INFO:     Started server process [31876]
INFO:     Waiting for application startup.
21:58:36 [INFO] storage.db: Database initialized at C:\Users\asus\Documents\Web_Development\NewsScraper_CrimeAlert\data\crime_news.db
21:58:36 [INFO] app.api: Scheduler started (interval=15 min)
INFO:     Application startup complete.
INFO:     Uvicorn running on http://0.0.0.0:8000 (Press CTRL+C to quit)
22:13:36 [INFO] app.api: Scheduled scrape triggered
22:13:36 [INFO] scraper.cnn_indonesia: Fetching CNN Indonesia: https://www.cnnindonesia.com/tag/curanmor
22:13:43 [INFO] scraper.cnn_indonesia: Fetching CNN Indonesia: https://www.cnnindonesia.com/tag/curanmor/2
22:13:43 [WARNING] scraper.base: Failed to fetch https://www.cnnindonesia.com/tag/curanmor/2: 404 Client Error: Not Found for url: https://www.cnnindonesia.com/tag/curanmor/2
22:13:43 [INFO] scraper.cnn_indonesia: Fetching CNN Indonesia: https://www.cnnindonesia.com/tag/curanmor/3
22:13:44 [WARNING] scraper.base: Failed to fetch https://www.cnnindonesia.com/tag/curanmor/3: 404 Client Error: Not Found for url: https://www.cnnindonesia.com/tag/curanmor/3
22:13:44 [INFO] scraper.cnn_indonesia: Fetching CNN Indonesia: https://www.cnnindonesia.com/tag/pencurian-motor
22:13:51 [INFO] scraper.cnn_indonesia: Fetching CNN Indonesia: https://www.cnnindonesia.com/tag/pencurian-motor/2
22:13:51 [WARNING] scraper.base: Failed to fetch https://www.cnnindonesia.com/tag/pencurian-motor/2: 404 Client Error: Not Found for url: https://www.cnnindonesia.com/tag/pencurian-motor/2
22:13:51 [INFO] scraper.cnn_indonesia: Fetching CNN Indonesia: https://www.cnnindonesia.com/tag/pencurian-motor/3
22:13:51 [WARNING] scraper.base: Failed to fetch https://www.cnnindonesia.com/tag/pencurian-motor/3: 404 Client Error: Not Found for url: https://www.cnnindonesia.com/tag/pencurian-motor/3
22:13:51 [INFO] scraper.cnn_indonesia: CNN Indonesia: found 19 articles
22:13:52 [INFO] scraper.detik: Fetching Detik: https://www.detik.com/tag/curanmor
22:14:04 [INFO] scraper.detik: Fetching Detik: https://www.detik.com/tag/curanmor/2
22:14:04 [WARNING] scraper.base: Failed to fetch https://www.detik.com/tag/curanmor/2: 404 Client Error: Not Found for url: https://www.detik.com/tag/curanmor/2
22:14:04 [INFO] scraper.detik: Fetching Detik: https://www.detik.com/tag/curanmor/3
22:14:04 [WARNING] scraper.base: Failed to fetch https://www.detik.com/tag/curanmor/3: 404 Client Error: Not Found for url: https://www.detik.com/tag/curanmor/3
22:14:04 [INFO] scraper.detik: Fetching Detik: https://www.detik.com/tag/pencurian
22:14:18 [INFO] scraper.detik: Fetching Detik: https://www.detik.com/tag/pencurian/2
22:14:18 [WARNING] scraper.base: Failed to fetch https://www.detik.com/tag/pencurian/2: 404 Client Error: Not Found for url: https://www.detik.com/tag/pencurian/2
22:14:18 [INFO] scraper.detik: Fetching Detik: https://www.detik.com/tag/pencurian/3
22:14:18 [WARNING] scraper.base: Failed to fetch https://www.detik.com/tag/pencurian/3: 404 Client Error: Not Found for url: https://www.detik.com/tag/pencurian/3
22:14:18 [INFO] scraper.detik: Fetching Detik: https://www.detik.com/tag/pencurian-motor
22:14:20 [INFO] scraper.detik: Detik: found 30 articles
22:14:23 [INFO] scraper.sindonews: Fetching Sindonews topic: https://www.sindonews.com/topic/1640/curanmor
22:14:39 [INFO] scraper.sindonews: Fetching Sindonews topic: https://www.sindonews.com/topic/9175/maling-motor
22:14:51 [INFO] scraper.sindonews: Fetching Sindonews topic: https://www.sindonews.com/topic/4361/sindikat-curanmor
22:14:55 [INFO] scraper.sindonews: Sindonews: found 30 articles
22:29:57 [INFO] app.api: Scheduled scrape triggered
22:29:57 [INFO] scraper.cnn_indonesia: Fetching CNN Indonesia: https://www.cnnindonesia.com/tag/curanmor
22:30:02 [INFO] scraper.cnn_indonesia: Fetching CNN Indonesia: https://www.cnnindonesia.com/tag/curanmor/2
22:30:03 [WARNING] scraper.base: Failed to fetch https://www.cnnindonesia.com/tag/curanmor/2: 404 Client Error: Not Found for url: https://www.cnnindonesia.com/tag/curanmor/2
22:30:03 [INFO] scraper.cnn_indonesia: Fetching CNN Indonesia: https://www.cnnindonesia.com/tag/curanmor/3
22:30:03 [WARNING] scraper.base: Failed to fetch https://www.cnnindonesia.com/tag/curanmor/3: 404 Client Error: Not Found for url: https://www.cnnindonesia.com/tag/curanmor/3
22:30:03 [INFO] scraper.cnn_indonesia: Fetching CNN Indonesia: https://www.cnnindonesia.com/tag/pencurian-motor
22:30:08 [INFO] scraper.cnn_indonesia: Fetching CNN Indonesia: https://www.cnnindonesia.com/tag/pencurian-motor/2
22:30:08 [WARNING] scraper.base: Failed to fetch https://www.cnnindonesia.com/tag/pencurian-motor/2: 404 Client Error: Not Found for url: https://www.cnnindonesia.com/tag/pencurian-motor/2
22:30:08 [INFO] scraper.cnn_indonesia: Fetching CNN Indonesia: https://www.cnnindonesia.com/tag/pencurian-motor/3
22:30:08 [WARNING] scraper.base: Failed to fetch https://www.cnnindonesia.com/tag/pencurian-motor/3: 404 Client Error: Not Found for url: https://www.cnnindonesia.com/tag/pencurian-motor/3
22:30:08 [INFO] scraper.cnn_indonesia: CNN Indonesia: found 19 articles
22:30:09 [INFO] scraper.detik: Fetching Detik: https://www.detik.com/tag/curanmor
22:30:20 [INFO] scraper.detik: Fetching Detik: https://www.detik.com/tag/curanmor/2
22:30:20 [WARNING] scraper.base: Failed to fetch https://www.detik.com/tag/curanmor/2: 404 Client Error: Not Found for url: https://www.detik.com/tag/curanmor/2
22:30:20 [INFO] scraper.detik: Fetching Detik: https://www.detik.com/tag/curanmor/3
22:30:21 [WARNING] scraper.base: Failed to fetch https://www.detik.com/tag/curanmor/3: 404 Client Error: Not Found for url: https://www.detik.com/tag/curanmor/3
22:30:21 [INFO] scraper.detik: Fetching Detik: https://www.detik.com/tag/pencurian
22:30:33 [INFO] scraper.detik: Fetching Detik: https://www.detik.com/tag/pencurian/2
22:30:33 [WARNING] scraper.base: Failed to fetch https://www.detik.com/tag/pencurian/2: 404 Client Error: Not Found for url: https://www.detik.com/tag/pencurian/2
22:30:33 [INFO] scraper.detik: Fetching Detik: https://www.detik.com/tag/pencurian/3
22:30:34 [WARNING] scraper.base: Failed to fetch https://www.detik.com/tag/pencurian/3: 404 Client Error: Not Found for url: https://www.detik.com/tag/pencurian/3
22:30:34 [INFO] scraper.detik: Fetching Detik: https://www.detik.com/tag/pencurian-motor
22:30:36 [INFO] scraper.detik: Detik: found 30 articles
22:30:37 [INFO] scraper.sindonews: Fetching Sindonews topic: https://www.sindonews.com/topic/1640/curanmor
22:30:43 [INFO] scraper.sindonews: Fetching Sindonews topic: https://www.sindonews.com/topic/9175/maling-motor
22:30:47 [INFO] scraper.sindonews: Fetching Sindonews topic: https://www.sindonews.com/topic/4361/sindikat-curanmor
22:30:48 [INFO] scraper.sindonews: Sindonews: found 30 articles
22:45:51 [INFO] app.api: Scheduled scrape triggered
22:45:51 [INFO] scraper.cnn_indonesia: Fetching CNN Indonesia: https://www.cnnindonesia.com/tag/curanmor
22:46:02 [INFO] scraper.cnn_indonesia: Fetching CNN Indonesia: https://www.cnnindonesia.com/tag/curanmor/2
22:46:02 [WARNING] scraper.base: Failed to fetch https://www.cnnindonesia.com/tag/curanmor/2: 404 Client Error: Not Found for url: https://www.cnnindonesia.com/tag/curanmor/2
22:46:02 [INFO] scraper.cnn_indonesia: Fetching CNN Indonesia: https://www.cnnindonesia.com/tag/curanmor/3
22:46:02 [WARNING] scraper.base: Failed to fetch https://www.cnnindonesia.com/tag/curanmor/3: 404 Client Error: Not Found for url: https://www.cnnindonesia.com/tag/curanmor/3
22:46:02 [INFO] scraper.cnn_indonesia: Fetching CNN Indonesia: https://www.cnnindonesia.com/tag/pencurian-motor
22:46:06 [INFO] scraper.cnn_indonesia: Fetching CNN Indonesia: https://www.cnnindonesia.com/tag/pencurian-motor/2
22:46:07 [WARNING] scraper.base: Failed to fetch https://www.cnnindonesia.com/tag/pencurian-motor/2: 404 Client Error: Not Found for url: https://www.cnnindonesia.com/tag/pencurian-motor/2
22:46:07 [INFO] scraper.cnn_indonesia: Fetching CNN Indonesia: https://www.cnnindonesia.com/tag/pencurian-motor/3
22:46:07 [WARNING] scraper.base: Failed to fetch https://www.cnnindonesia.com/tag/pencurian-motor/3: 404 Client Error: Not Found for url: https://www.cnnindonesia.com/tag/pencurian-motor/3
22:46:07 [INFO] scraper.cnn_indonesia: CNN Indonesia: found 19 articles
22:46:07 [INFO] scraper.detik: Fetching Detik: https://www.detik.com/tag/curanmor
22:46:18 [INFO] scraper.detik: Fetching Detik: https://www.detik.com/tag/curanmor/2
22:46:18 [WARNING] scraper.base: Failed to fetch https://www.detik.com/tag/curanmor/2: 404 Client Error: Not Found for url: https://www.detik.com/tag/curanmor/2
22:46:18 [INFO] scraper.detik: Fetching Detik: https://www.detik.com/tag/curanmor/3
22:46:18 [WARNING] scraper.base: Failed to fetch https://www.detik.com/tag/curanmor/3: 404 Client Error: Not Found for url: https://www.detik.com/tag/curanmor/3
22:46:18 [INFO] scraper.detik: Fetching Detik: https://www.detik.com/tag/pencurian
22:46:30 [INFO] scraper.detik: Fetching Detik: https://www.detik.com/tag/pencurian/2
22:46:31 [WARNING] scraper.base: Failed to fetch https://www.detik.com/tag/pencurian/2: 404 Client Error: Not Found for url: https://www.detik.com/tag/pencurian/2
22:46:31 [INFO] scraper.detik: Fetching Detik: https://www.detik.com/tag/pencurian/3
22:46:31 [WARNING] scraper.base: Failed to fetch https://www.detik.com/tag/pencurian/3: 404 Client Error: Not Found for url: https://www.detik.com/tag/pencurian/3
22:46:31 [INFO] scraper.detik: Fetching Detik: https://www.detik.com/tag/pencurian-motor
22:46:32 [INFO] scraper.detik: Detik: found 30 articles
22:46:34 [INFO] scraper.sindonews: Fetching Sindonews topic: https://www.sindonews.com/topic/1640/curanmor
22:46:41 [INFO] scraper.sindonews: Fetching Sindonews topic: https://www.sindonews.com/topic/9175/maling-motor
22:46:45 [INFO] scraper.sindonews: Fetching Sindonews topic: https://www.sindonews.com/topic/4361/sindikat-curanmor
22:46:46 [INFO] scraper.sindonews: Sindonews: found 30 articles
